Build started 27/10/2015 9:54:26 PM.
     1>Project "C:\Shared\Dev\Projects\Super8_jitcore\Super8_jitcore\Super8_jitcore.vcxproj" on node 2 (Build target(s)).
     1>ClCompile:
         C:\Shared\Dev\IDE\Microsoft Visual Studio 14.0\VC\bin\CL.exe /c /ZI /nologo /W3 /WX- /sdl /Od /Oy- /D WIN32 /D _DEBUG /D _CONSOLE /D _UNICODE /D UNICODE /Gm /EHsc /RTC1 /MDd /GS /fp:precise /Zc:wchar_t /Zc:forScope /Zc:inline /Yu"stdafx.h" /Fp"Debug\Super8_jitcore.pch" /Fo"Debug\\" /Fd"Debug\vc140.pdb" /Gd /TP /analyze- /errorReport:prompt Chip8Engine.cpp
         Chip8Engine.cpp
       Link:
         C:\Shared\Dev\IDE\Microsoft Visual Studio 14.0\VC\bin\link.exe /ERRORREPORT:PROMPT /OUT:"C:\Shared\Dev\Projects\Super8_jitcore\Debug\Super8_jitcore.exe" /INCREMENTAL /NOLOGO kernel32.lib user32.lib gdi32.lib winspool.lib comdlg32.lib advapi32.lib shell32.lib ole32.lib oleaut32.lib uuid.lib odbc32.lib odbccp32.lib /MANIFEST /MANIFESTUAC:"level='asInvoker' uiAccess='false'" /manifest:embed /Debug /PDB:"C:\Shared\Dev\Projects\Super8_jitcore\Debug\Super8_jitcore.pdb" /SUBSYSTEM:CONSOLE /TLBID:1 /DYNAMICBASE /NXCOMPAT /IMPLIB:"C:\Shared\Dev\Projects\Super8_jitcore\Debug\Super8_jitcore.lib" /MACHINE:X86 Debug\Super8_jitcore.res
         Debug\Chip8Engine.obj
         Debug\Chip8Engine_CacheHandler.obj
         Debug\Chip8Engine_Interpreter.obj
         Debug\Chip8Engine_Dynarec.obj
         Debug\Chip8Engine_JumpHandler.obj
         Debug\Chip8Engine_StackHandler.obj
         Debug\Chip8Globals.obj
         Debug\Chip8Globals_C8_STATE.obj
         Debug\Chip8Globals_X86_STATE.obj
         Debug\Chip8KeyEngine.obj
         Debug\Chip8StackEngine.obj
         Debug\Chip8TimersEngine.obj
         Debug\Chip8Engine_CodeEmitter_x86.obj
         Debug\CodeEmitter_x86_ADD.obj
         Debug\CodeEmitter_x86_Bitwise.obj
         Debug\CodeEmitter_x86_Jump.obj
         Debug\CodeEmitter_x86_MOV.obj
         Debug\CodeEmitter_x86_SUB.obj
         Debug\stdafx.obj
         Debug\Super8.obj
         Super8_jitcore.vcxproj -> C:\Shared\Dev\Projects\Super8_jitcore\Debug\Super8_jitcore.exe
     1>Done Building Project "C:\Shared\Dev\Projects\Super8_jitcore\Super8_jitcore\Super8_jitcore.vcxproj" (Build target(s)).

Build succeeded.

Time Elapsed 00:00:02.29
