c:\shared\dev\projects\super8_jitcore\super8_jitcore\debug\vc140.pdb
c:\shared\dev\projects\super8_jitcore\super8_jitcore\debug\vc140.idb
c:\shared\dev\projects\super8_jitcore\super8_jitcore\debug\chip8engine_cachehandler.obj
c:\shared\dev\projects\super8_jitcore\super8_jitcore\debug\chip8globals_c8_state.obj
c:\shared\dev\projects\super8_jitcore\super8_jitcore\debug\super8_jitcore.pch
c:\shared\dev\projects\super8_jitcore\super8_jitcore\debug\stdafx.obj
c:\shared\dev\projects\super8_jitcore\super8_jitcore\debug\sdlglobals.obj
c:\shared\dev\projects\super8_jitcore\super8_jitcore\debug\fastarraylist.obj
c:\shared\dev\projects\super8_jitcore\super8_jitcore\debug\chip8engine_codeemitter_x86_sub.obj
c:\shared\dev\projects\super8_jitcore\super8_jitcore\debug\chip8engine_codeemitter_x86_mov.obj
c:\shared\dev\projects\super8_jitcore\super8_jitcore\debug\chip8engine_codeemitter_x86_jump.obj
c:\shared\dev\projects\super8_jitcore\super8_jitcore\debug\chip8engine_codeemitter_x86_bitwise.obj
c:\shared\dev\projects\super8_jitcore\super8_jitcore\debug\chip8engine_codeemitter_x86_add.obj
c:\shared\dev\projects\super8_jitcore\super8_jitcore\debug\chip8engine_codeemitter_x86.obj
c:\shared\dev\projects\super8_jitcore\super8_jitcore\debug\chip8engine_timers.obj
c:\shared\dev\projects\super8_jitcore\super8_jitcore\debug\chip8engine_key.obj
c:\shared\dev\projects\super8_jitcore\super8_jitcore\debug\chip8globals_x86_state.obj
c:\shared\dev\projects\super8_jitcore\super8_jitcore\debug\chip8globals.obj
c:\shared\dev\projects\super8_jitcore\super8_jitcore\debug\chip8engine_stackhandler.obj
c:\shared\dev\projects\super8_jitcore\super8_jitcore\debug\chip8engine_jumphandler.obj
c:\shared\dev\projects\super8_jitcore\super8_jitcore\debug\chip8engine_dynarec.obj
c:\shared\dev\projects\super8_jitcore\super8_jitcore\debug\chip8engine_interpreter.obj
c:\shared\dev\projects\super8_jitcore\super8_jitcore\debug\chip8engine_handleinterrupt.obj
c:\shared\dev\projects\super8_jitcore\super8_jitcore\debug\chip8engine.obj
c:\shared\dev\projects\super8_jitcore\super8_jitcore\debug\super8.obj
c:\shared\dev\projects\super8_jitcore\debug\super8_jitcore.exe
c:\shared\dev\projects\super8_jitcore\debug\super8_jitcore.pdb
c:\shared\dev\projects\super8_jitcore\super8_jitcore\debug\super8_jitcore.res
c:\shared\dev\projects\super8_jitcore\debug\super8_jitcore.lib
c:\shared\dev\projects\super8_jitcore\debug\super8_jitcore.exp
c:\shared\dev\projects\super8_jitcore\super8_jitcore\debug\super8_jitcore.tlog\cl.command.1.tlog
c:\shared\dev\projects\super8_jitcore\super8_jitcore\debug\super8_jitcore.tlog\cl.read.1.tlog
c:\shared\dev\projects\super8_jitcore\super8_jitcore\debug\super8_jitcore.tlog\cl.write.1.tlog
c:\shared\dev\projects\super8_jitcore\super8_jitcore\debug\super8_jitcore.tlog\link.command.1.tlog
c:\shared\dev\projects\super8_jitcore\super8_jitcore\debug\super8_jitcore.tlog\link.read.1.tlog
c:\shared\dev\projects\super8_jitcore\super8_jitcore\debug\super8_jitcore.tlog\link.write.1.tlog
c:\shared\dev\projects\super8_jitcore\super8_jitcore\debug\super8_jitcore.tlog\rc.command.1.tlog
c:\shared\dev\projects\super8_jitcore\super8_jitcore\debug\super8_jitcore.tlog\rc.read.1.tlog
c:\shared\dev\projects\super8_jitcore\super8_jitcore\debug\super8_jitcore.tlog\rc.write.1.tlog
c:\shared\dev\projects\super8_jitcore\super8_jitcore\debug\super8_jitcore.tlog\super8_jitcore.write.1u.tlog
